[2018-05-29 20:48:49] Processed: CodeEduBook\Jobs\GenerateBook


                                                                                                         
  [Symfony\Component\Filesystem\Exception\IOException]                                                   
  Failed to remove file "/home/vagrant/Code/code-editora/storage/app/livros/2/Output/kindle/book.epub".  
                                                                                                         


publish [--dir[="..."]] [--configuration[="..."]] slug edition


[2018-05-29 21:44:55] Processed: CodeEduBook\Jobs\GenerateBook
[2018-05-29 21:44:55] Processed: CodeEduBook\Jobs\GenerateBook
[2018-05-29 21:53:12] Processed: CodeEduBook\Jobs\GenerateBook
[2018-05-29 21:59:39] Processed: CodeEduBook\Jobs\GenerateBook
[2018-05-30 14:04:58] Processed: CodeEduBook\Jobs\GenerateBook
[2018-05-30 14:07:31] Processed: CodeEduBook\Jobs\GenerateBook
[2018-06-03 14:24:06] Processed: Illuminate\Broadcasting\BroadcastEvent
[2018-06-03 14:24:06] Processed: Illuminate\Broadcasting\BroadcastEvent
[2018-06-03 14:24:06] Processed: Illuminate\Broadcasting\BroadcastEvent
[2018-06-03 14:24:06] Processed: Illuminate\Broadcasting\BroadcastEvent
[2018-06-03 14:24:06] Processed: Illuminate\Broadcasting\BroadcastEvent
[2018-06-03 14:24:06] Processed: Illuminate\Broadcasting\BroadcastEvent
[2018-06-03 14:24:07] Processed: Illuminate\Broadcasting\BroadcastEvent
[2018-06-03 14:24:07] Processed: Illuminate\Broadcasting\BroadcastEvent
[2018-06-03 14:24:07] Processed: Illuminate\Broadcasting\BroadcastEvent[2018-06-03 14:24:07] Processed: Illuminate\Broadcasting\BroadcastEvent

[2018-06-03 14:24:07] Processed: Illuminate\Broadcasting\BroadcastEvent
[2018-06-03 14:24:07] Processed: Illuminate\Broadcasting\BroadcastEvent
[2018-06-03 14:24:07] Processed: Illuminate\Broadcasting\BroadcastEvent
[2018-06-03 14:24:07] Processed: Illuminate\Broadcasting\BroadcastEvent
[2018-06-03 14:24:07] Processed: Illuminate\Broadcasting\BroadcastEvent
[2018-06-03 14:24:07] Processed: Illuminate\Broadcasting\BroadcastEvent
[2018-06-03 14:24:08] Processed: Illuminate\Broadcasting\BroadcastEvent
[2018-06-03 14:24:08] Processed: Illuminate\Broadcasting\BroadcastEvent
[2018-06-03 14:24:08] Processed: Illuminate\Broadcasting\BroadcastEvent
[2018-06-03 14:24:08] Processed: Illuminate\Broadcasting\BroadcastEvent
[2018-06-03 14:24:08] Processed: Illuminate\Broadcasting\BroadcastEvent
[2018-06-03 14:24:08] Processed: Illuminate\Broadcasting\BroadcastEvent
[2018-06-03 14:24:08] Processed: Illuminate\Broadcasting\BroadcastEvent
[2018-06-03 14:24:08] Processed: Illuminate\Broadcasting\BroadcastEvent
[2018-06-03 14:24:08] Processed: Illuminate\Broadcasting\BroadcastEvent
[2018-06-03 14:24:08] Processed: Illuminate\Broadcasting\BroadcastEvent
[2018-06-03 14:24:08] Processed: Illuminate\Broadcasting\BroadcastEvent
[2018-06-03 14:24:09] Processed: Illuminate\Broadcasting\BroadcastEvent
[2018-06-03 14:24:09] Processed: Illuminate\Broadcasting\BroadcastEvent
[2018-06-03 14:24:09] Processed: Illuminate\Broadcasting\BroadcastEvent
[2018-06-03 14:33:19] Processed: Illuminate\Broadcasting\BroadcastEvent
[2018-06-03 14:33:49] Processed: Illuminate\Broadcasting\BroadcastEvent
[2018-06-03 14:34:10] Processed: Illuminate\Broadcasting\BroadcastEvent
